"1608381261.070099","Start","1608381261.075619"
"1608381261.070099","Opened all files","1608381261.076643"
"1608381261.070099","Running: sync.py","1608381261.076782"
"1608381261.070099","All files copied offline","1608381261.081771"
"1608381261.070099"," - 0° File","1608381261.082767"
"1608381285.241426","Start","1608381285.248233"
"1608381285.241426","Opened all files","1608381285.248387"
"1608381285.241426","Running: sync.py","1608381285.248525"
"1608381285.241426","All files copied offline","1608381285.249204"
"1608381285.241426"," - 0° File","1608381285.250204"
"1608381285.241426","   - Connected 0° database","1608381285.250204"
"1608381334.923522","Start","1608381334.928894"
"1608381334.923522","Opened all files","1608381334.929047"
"1608381334.923522","Running: sync.py","1608381334.929192"
"1608381334.923522","All files copied offline","1608381334.931189"
"1608381334.923522"," - 0° File","1608381334.931189"
"1608381334.923522","   - Connected 0° database","1608381334.931189"
"1608381348.29791","Start","1608381348.302897"
"1608381348.29791","Opened all files","1608381348.302897"
"1608381348.29791","Running: sync.py","1608381348.302897"
"1608381348.29791","All files copied offline","1608381348.304893"
"1608381348.29791"," - 0° File","1608381348.304893"
"1608381348.29791","   - Connected 0° database","1608381348.304893"
"1608381359.452062","Start","1608381359.458049"
"1608381359.452062","Opened all files","1608381359.458049"
"1608381359.452062","Running: sync.py","1608381359.458049"
"1608381359.452062","All files copied offline","1608381359.460044"
"1608381359.452062"," - 0° File","1608381359.460044"
"1608381359.452062","   - Connected 0° database","1608381359.461042"
"1608381374.413764","Start","1608381374.418751"
"1608381374.413764","Opened all files","1608381374.418751"
"1608381374.413764","Running: sync.py","1608381374.418751"
"1608381374.413764","All files copied offline","1608381374.420746"
"1608381374.413764"," - 0° File","1608381374.420746"
"1608381374.413764","   - Connected 0° database","1608381374.420746"
"1608381412.901269","Start","1608381412.907306"
"1608381412.901269","Opened all files","1608381412.907306"
"1608381412.901269","Running: sync.py","1608381412.908257"
"1608381412.901269","All files copied offline","1608381412.909254"
"1608381412.901269"," - 0° File","1608381412.909254"
"1608381412.901269","   - Connected 0° database","1608381412.910252"
