"1608325339.537968","Start","1608325339.54423"
"1608325339.537968","Opened all files","1608325339.54423"
"1608325339.537968","Running: sync.py","1608325339.54423"
"1608325350.47498","Start","1608325350.478969"
"1608325350.47498","Opened all files","1608325350.478969"
"1608325350.47498","Running: sync.py","1608325350.478969"
"1608325408.321178","Start","1608325408.326211"
"1608325408.321178","Opened all files","1608325408.326211"
"1608325408.321178","Running: sync.py","1608325408.326211"
"1608325408.321178","Nothing to copy offline","1608325408.326211"
"1608325408.321178","End time: 2020-12-18 22:03:28.326211","1608325408.326211"
"1608325434.027297","Start","1608325434.036376"
"1608325434.027297","Opened all files","1608325434.036376"
"1608325434.027297","Running: sync.py","1608325434.036376"
"1608325434.027297","Nothing to copy offline","1608325434.036376"
"1608325434.027297","End time: 2020-12-18 22:03:54.036376","1608325434.036376"
"1608325434.027297","Total time (python): 0:00:00.009079","1608325434.036376"
"1608325477.207939","Start","1608325477.212441"
"1608325477.207939","Opened all files","1608325477.212441"
"1608325477.207939","Running: sync.py","1608325477.212441"
"1608325477.207939","Nothing to copy offline","1608325477.212441"
"1608325477.207939","End time: 2020-12-18 22:04:37.212441","1608325477.212441"
"1608325477.207939","Total time (python): 0:00:00.004502","1608325477.212441"
"1608325500.516695","Start","1608325500.521617"
"1608325500.516695","Opened all files","1608325500.521617"
"1608325500.516695","Running: sync.py","1608325500.521617"
"1608325500.516695","Nothing to copy offline","1608325500.521617"
"1608325500.516695","End time: 2020-12-18 22:05:00.521617","1608325500.521617"
"1608325500.516695","Total time (python): 0:00:00.004922","1608325500.521617"
"1608325515.167727","Start","1608325515.172714"
"1608325515.167727","Opened all files","1608325515.172714"
"1608325515.167727","Running: sync.py","1608325515.172714"
"1608325515.167727","Nothing to copy offline","1608325515.172714"
"1608325515.167727","End time: 2020-12-18 22:05:15.172714","1608325515.172714"
"1608325515.167727","Total time (python): 0:00:00.004987","1608325515.172714"
